# 执行计划

[TOC]

## 执行计划的获取

1. explain plan for

   优点：无需真正执行SQL

   缺点：没有输出运行相关的统计信息

   ```sql 
   explain plan for SQL;
   select * from table(dbms_xplan.display());
   粗略查看执行计划，可以用于SQL执行很久不出结果的情况！
   ```

   

2. set autot on /tracceonly

   优点：可以输出相关的统计信息

   缺点：需要语句执行完成，无法看到表被访问了多少次

   ```SQL
   粗略了解SQL执行计划的详细信息，统计计划！
   详细方法使用10046 trace
   ```

   

3. alter session set statistics_level=all

   ```sql
   alter session set statistics_level=all;
   SQL
   select * from table(dbms_xplan.display_cursor(null,null,'allstats last'));
   
   可以获得表被执行的次数！
   ```

   

4.  dbms_xplan.display_cursor

   ```SQL
   select * from table(dbms_xplan.display_cursor('&sqlid'));
   
   从共享池里面获得真的执行计划，无需执行SQL；
   可以观察某条SQL有多个执行计划对的情况。
   
   ```

   

5. 10046 trace 跟踪

   ```SQL
   alter session set tracefile_identifier='10046';
   alter session set timed_statistics=true;
   alter session set max_dump_file_size ='UNLIMITED';
   alter session set events '10046 trace name context forever, level 12';
   SQL
   alter session set events '10046 trace name context off';
   
   [oracle@oratest trace]$ tkprof /u01/app/oracle/diag/rdbms/dbtest/dbtest/trace/dbtest_ora_23419_10046.trc sys=no sort=prsela,exeela,fchela
   
   
   注释：SQL中含有函数，函数中调用SQL，可以详细的分析SQL
   ```

   

6. awrsqrpt.sql

   ```
   @?/rdbms/admin/awrsqrpt.sql
   可以详细的看出SQL有多少个执行计划！
   ```

   

## 读懂执行计划

1. 单独型

   ```sql
   由远到近 2--> 1
   
   ---------------------------------------------------------------------------
   | Id  | Operation          | Name | Rows  | Bytes | Cost (%CPU)| Time     |
   ---------------------------------------------------------------------------
   |   0 | SELECT STATEMENT   |      |     4 |   128 |     4  (25)| 00:00:01 |
   |   1 |  HASH GROUP BY     |      |     4 |   128 |     4  (25)| 00:00:01 |
   |*  2 |   TABLE ACCESS FULL| EMP  |     4 |   128 |     3   (0)| 00:00:01 |
   ---------------------------------------------------------------------------
   
   ```

   

2. 联合型

   ```SQL
   1）非关联型 
      如union的SQL 执行顺序从上到下3-4-5
      ----------------------------------------------------------------------------
   | Id  | Operation           | Name | Rows  | Bytes | Cost (%CPU)| Time     |
   ----------------------------------------------------------------------------
   |   0 | SELECT STATEMENT    |      |    31 |   390 |   346   (1)| 00:00:05 |
   |   1 |  UNION-ALL          |      |       |       |            |          |
   |   2 |   SORT AGGREGATE    |      |     1 |       |            |          |
   |   3 |    TABLE ACCESS FULL| OB1  | 86957 |       |   340   (1)| 00:00:05 |
   |   4 |   TABLE ACCESS FULL | EMP  |    15 |   195 |     3   (0)| 00:00:01 |
   |   5 |   TABLE ACCESS FULL | EMP  |    15 |   195 |     3   (0)| 00:00:01 |
   ----------------------------------------------------------------------------
   
   2）关联型
   联合型的关联型NL（NESTED LOOP）
   从上到下，从里到外（除了ID=1）
   
   
   
   ```

   